02.02.2025 23:33:45 rapshortcs accuracy 28,73% (21 40 52 60) 989 8/1p3pp1/7p/5P1P/2k3P1/8/2K2P2/8 w - - 0 1 (f5f6 => c2c1) (511 => -570) (8678 => 1092)
02.02.2025 23:29:53 rapshortcs accuracy 28,21% (21 43 54 60) 989 8/1p3pp1/7p/5P1P/2k3P1/8/2K2P2/8 w - - 0 1 (f5f6 => c2c1) (511 => -570) (8678 => 1092)
02.02.2025 23:25:41 rapshortcs accuracy 28,25% (21 42 54 60) 989 8/1p3pp1/7p/5P1P/2k3P1/8/2K2P2/8 w - - 0 1 (f5f6 => c2c1) (511 => -570) (8678 => 1092)
02.02.2025 22:56:34 stonechess accuracy 32,02% (15 39 48 60) 989 8/1p3pp1/7p/5P1P/2k3P1/8/2K2P2/8 w - - 0 1 (f5f6 => c2d2) (511 => -570) (8678 => 1092)
02.02.2025 20:21:16 stonechess accuracy 32,24% (15 39 60) 989 8/1p3pp1/7p/5P1P/2k3P1/8/2K2P2/8 w - - 0 1 (f5f6 => c2d2) (511 => -570) (8678 => 1092)
02.02.2025 20:14:17 stonechess accuracy 30,51% (17 41 60) 989 8/1p3pp1/7p/5P1P/2k3P1/8/2K2P2/8 w - - 0 1 (f5f6 => g4g5) (511 => -526) (8678 => 1260)
02.02.2025 20:11:52 stonechess accuracy 30,52% (17 40 60) 989 8/1p3pp1/7p/5P1P/2k3P1/8/2K2P2/8 w - - 0 1 (f5f6 => g4g5) (511 => -526) (8678 => 1260)
02.02.2025 18:20:44 stonechess accuracy 30,91% (16 39 60) 989 8/1p3pp1/7p/5P1P/2k3P1/8/2K2P2/8 w - - 0 1 (f5f6 => g4g5) (511 => -526) (8678 => 1260)
02.02.2025 18:15:12 stonechess accuracy 30,92% (17 39 60) 989 8/1p3pp1/7p/5P1P/2k3P1/8/2K2P2/8 w - - 0 1 (f5f6 => g4g5) (511 => -526) (8678 => 1260)
02.02.2025 18:12:13 stonechess accuracy 29,74% (19 41 60) 989 8/1p3pp1/7p/5P1P/2k3P1/8/2K2P2/8 w - - 0 1 (f5f6 => c2b1) (511 => -570) (8678 => 1092)
01.02.2025 16:26:38 stonechess accuracy 30,45% (18 40 60) 989 8/1p3pp1/7p/5P1P/2k3P1/8/2K2P2/8 w - - 0 1 (f5f6 => g4g5) (511 => -526) (8678 => 1260)
31.01.2025 19:46:00 stonechess accuracy 30,45% (18 40 60) 989 8/1p3pp1/7p/5P1P/2k3P1/8/2K2P2/8 w - - 0 1 (f5f6 => g4g5) (511 => -526) (8678 => 1260)
31.01.2025 15:06:54 StoneChess accuracy 38,10% 18 40 100 989 8/1p3pp1/7p/5P1P/2k3P1/8/2K2P2/8 w - - 0 1 (f5f6 => g4g5) (511 => -526) (8678 => 1260)
27.01.2025 02:53:53 accuracy 40,55% weight 34,96 count 100 StoneChess blunders 14 mistakes 35 inaccuracies 66 8/1p3pp1/7p/5P1P/2k3P1/8/2K2P2/8 w - - 0 1 (f5f6 => g4g5) (511 => -526) (8678 => 1260)
26.01.2025 16:49:10 accuracy 42,43% weight 36,34 count 100 StoneChess blunders 14 mistakes 34 inaccuracies 62 1rbq1rk1/p1b1nppp/1p2p3/8/1B1pN3/P2B4/1P3PPP/2RQ1R1K w - - 0 1 (e4f6 => d1h5) (403 => -174) (8152 => 3451)
23.11.2024 00:29:58 accuracy 87,65% weight 59,19 count 989 StoneChess blunders 22 mistakes 48 inaccuracies 115 8/1p3pp1/7p/5P1P/2k3P1/8/2K2P2/8 w - - 0 1 (f5f6 => c2b1) (511 => -570) (8678 => 1092)
12.11.2024 15:32:35 accuracy 98,30% weight 83,52 count 256 stockfish 17 blunders 1 mistakes 1 inaccuracies 3 7k/5K2/5P1p/3p4/6P1/3p4/8/8 w - - 0 1 (g4g5 => f7e7) (833 => 0) (9555 => 5000)
12.11.2024 15:23:47 accuracy 98,00% weight 81,31 count 256 stockfish 17 blunders 1 mistakes 1 inaccuracies 4 7k/5K2/5P1p/3p4/6P1/3p4/8/8 w - - 0 1 (g4g5 => f7e7) (833 => 0) (9555 => 5000)
12.11.2024 03:47:57 accuracy 98,99% weight 94,00 count 990 stockfish 17 blunders 1 mistakes 1 inaccuracies 2 7k/5K2/5P1p/3p4/6P1/3p4/8/8 w - - 0 1 (g4g5 => f7e7) (833 => 0) (9555 => 5000)
27.10.2024 17:15:16 accuracy 92,20% weight 77,43 count 725 stonechess9079 blunders 0 mistakes 9 inaccuracies 37 rnbqk2r/pp1p1ppp/4pn2/4P3/1b1N4/2N5/PPP2PPP/R1BQKB1R b KQkq - 0 6 (f6d5 => d8c7) (-100 => -504) (4090 => 1352)
27.10.2024 15:02:24 accuracy 92,24% weight 77,50 count 725 stonechess9079 blunders 0 mistakes 9 inaccuracies 36 rnbqk2r/pp1p1ppp/4pn2/4P3/1b1N4/2N5/PPP2PPP/R1BQKB1R b KQkq - 0 6 (f6d5 => d8c7) (-100 => -504) (4090 => 1352)
24.10.2024 17:31:57 accuracy 91,89% weight 76,34 count 725 stonechess blunders 0 mistakes 10 inaccuracies 41 rnb1kb1r/ppp3pp/8/3q1p2/4nPP1/8/PPPNQ2P/R1B1KBNR b KQkq - 0 8 (b8c6 => g7g6) (81 => -240) (5740 => 2924)
23.10.2024 19:22:09 accuracy 91,79% weight 76,40 count 725 stonechess blunders 2 mistakes 8 inaccuracies 37 3r2k1/pp4p1/2ppp2p/1qn1p3/4P1QP/PPP3PN/2PR4/2KR1r2 b - - 4 22 (d6d5 => h6h5) (242 => -107) (7091 => 4028)
22.10.2024 16:49:08 accuracy 91,79% elo 3213 (±5) count 725 stonechess blunders 1 mistakes 5 inaccuracies 32 3r2k1/pp4p1/2ppp2p/1qn1p3/4P1QP/PPP3PN/2PR4/2KR1r2 b - - 4 22 (d6d5 => h6h5) (242 => -107) (7091 => 4028)
16.10.2024 11:04:52 accuracy 91,02% elo 2714 (±11) count 732 stonechess blunders 3 mistakes 7 inaccuracies 44 3r2k1/1p3ppp/2pq4/p1n5/P6P/1P6/1PB2QP1/1K2R3 w - - 0 1 (f2f5 => e1d1) (-41 => -515) (4623 => 1305)
15.10.2024 11:09:10 accuracy 90,82% elo 2696 (±10) count 732 stonechess blunders 3 mistakes 10 inaccuracies 48 3r2k1/1p3ppp/2pq4/p1n5/P6P/1P6/1PB2QP1/1K2R3 w - - 0 1 (f2f5 => e1d1) (-41 => -515) (4623 => 1305)
12.10.2024 14:33:59 accuracy 90,01% elo 2626 (±12) count 647 stonechess blunders 2 mistakes 12 inaccuracies 41 3r2k1/1p3ppp/2pq4/p1n5/P6P/1P6/1PB2QP1/1K2R3 w - - 0 1 (f2f5 => e1d1) (-41 => -515) (4623 => 1305)
24.09.2024 20:01:19 accuracy 90,76% elo 2691 (±13) count 603 stonechess blunders 0 mistakes 13 inaccuracies 25 r5k1/1pbq1ppp/2p1r3/p7/P1nPP3/2N2Q1P/1P4P1/R3BRK1 w - - 3 23 (f1f2 => f3e2) (0 => -331) (5000 => 2282)
23.09.2024 12:35:50 accuracy 90,46% elo 2665 (±13) count 604 stonechess blunders 0 mistakes 10 inaccuracies 28 rnb1kb1r/ppp3pp/8/3q1p2/4nPP1/8/PPPNQ2P/R1B1KBNR b KQkq - 0 8 (b8c6 => c8e6) (91 => -218) (5830 => 3094)
23.09.2024 02:02:57 accuracy 90,34% elo 2655 (±13) count 602 stonechess blunders 0 mistakes 10 inaccuracies 28 rnb1kb1r/ppp3pp/8/3q1p2/4nPP1/8/PPPNQ2P/R1B1KBNR b KQkq - 0 8 (b8c6 => c8e6) (91 => -218) (5830 => 3094)
15.09.2024 15:08:40 accuracy 90,19% elo 2642 (±15) count 528 stonechess blunders 5 mistakes 40 inaccuracies 55 8/1pp5/p3k1pp/8/P1p2PPP/2P2K2/1P3R2/5r2 b - - 0 1 (f1d1 => f1e1) (-21 => -662) (4807 => 804)
15.09.2024 14:45:38 accuracy 90,29% elo 2650 (±15) count 528 stonechess blunders 5 mistakes 36 inaccuracies 58 8/1pp5/p3k1pp/8/P1p2PPP/2P2K2/1P3R2/5r2 b - - 0 1 (f1d1 => f1e1) (-21 => -662) (-4 => -84)
13.09.2024 21:42:16 accuracy 90,52% elo 2670 (±19) count 476 stonechess blunders 2 mistakes 35 inaccuracies 48 1nrrb1k1/1qn1bppp/pp2p3/3pP3/N2P3P/1P1B1NP1/PBR1QPK1/2R5 w - - 0 1 (d3h7 => g2h1) (397 => 93) (62 => 17)
08.09.2024 17:16:06 accuracy 89,02% elo 2539 (±21) count 402 stonechess blunders 2 mistakes 38 inaccuracies 42 1nrrb1k1/1qn1bppp/pp2p3/3pP3/N2P3P/1P1B1NP1/PBR1QPK1/2R5 w - - 0 1 (d3h7 => g2g1) (397 => 93) (62 => 17)
08.09.2024 14:02:53 accuracy 89,57% elo 2588 (±22) count 402 StoneChess blunders 2 mistakes 25 inaccuracies 52 1nrrb1k1/1qn1bppp/pp2p3/3pP3/N2P3P/1P1B1NP1/PBR1QPK1/2R5 w - - 0 1 (d3h7 => g2h1) (397 => 93) (62 => 17)
06.09.2024 18:23:40 accuracy 89,26% elo 2561 (±22) count 402 stonechess blunders 2 mistakes 29 inaccuracies 48 1r2r1k1/4ppbp/B5p1/3P4/pp1qPB2/2n2Q1P/P4PP1/4RRK1 b - - 0 1 (c3a2 => g7e5) (412 => 94) (64 => 17)
06.09.2024 18:11:22 accuracy 89,44% elo 2576 (±22) count 402 stonechess blunders 2 mistakes 28 inaccuracies 48 1r2r1k1/4ppbp/B5p1/3P4/pp1qPB2/2n2Q1P/P4PP1/4RRK1 b - - 0 1 (c3a2 => g7e5) (412 => 94) (64 => 17)
06.09.2024 17:59:42 accuracy 88,68% elo 2509 (±22) count 402 stonechess blunders 3 mistakes 35 inaccuracies 42 r3kb1r/3n1ppp/p3p3/1p1pP2P/P3PBP1/4P3/1q2B3/R2Q1K1R b kq - 0 1 (f8c5 => d7e5) (0 => -329) (0 => -54)
06.09.2024 17:46:16 accuracy 88,63% elo 2505 (±22) count 402 stonechess blunders 3 mistakes 35 inaccuracies 57 1r2r1k1/4ppbp/B5p1/3P4/pp1qPB2/2n2Q1P/P4PP1/4RRK1 b - - 0 1 (c3a2 => g7e5) (412 => 94) (64 => 17)
06.09.2024 17:35:30 accuracy 88,71% elo 2512 (±22) count 402 stonechess blunders 2 mistakes 32 inaccuracies 58 1r2r1k1/4ppbp/B5p1/3P4/pp1qPB2/2n2Q1P/P4PP1/4RRK1 b - - 0 1 (c3a2 => g7e5) (412 => 94) (64 => 17)
06.09.2024 17:24:33 accuracy 88,60% elo 2503 (±22) count 402 stonechess blunders 2 mistakes 32 inaccuracies 56 1r2r1k1/4ppbp/B5p1/3P4/pp1qPB2/2n2Q1P/P4PP1/4RRK1 b - - 0 1 (c3a2 => g7e5) (412 => 94) (64 => 17)
06.09.2024 17:13:34 accuracy 88,83% elo 2523 (±21) count 402 stonechess blunders 3 mistakes 34 inaccuracies 45 r3kb1r/3n1ppp/p3p3/1p1pP2P/P3PBP1/4P3/1q2B3/R2Q1K1R b kq - 0 1 (f8c5 => d7e5) (0 => -329) (0 => -54)
06.09.2024 16:04:47 accuracy 89,08% elo 2545 (±22) count 402 stonechess blunders 2 mistakes 32 inaccuracies 52 1r2r1k1/4ppbp/B5p1/3P4/pp1qPB2/2n2Q1P/P4PP1/4RRK1 b - - 0 1 (c3a2 => g7e5) (412 => 94) (64 => 17)
06.09.2024 15:55:01 accuracy 88,95% elo 2533 (±21) count 402 stonechess blunders 2 mistakes 33 inaccuracies 50 1r2r1k1/4ppbp/B5p1/3P4/pp1qPB2/2n2Q1P/P4PP1/4RRK1 b - - 0 1 (c3a2 => g7e5) (412 => 94) (64 => 17)
06.09.2024 15:39:00 accuracy 89,26% elo 2560 (±22) count 402 stonechess blunders 2 mistakes 30 inaccuracies 52 1r2r1k1/4ppbp/B5p1/3P4/pp1qPB2/2n2Q1P/P4PP1/4RRK1 b - - 0 1 (c3a2 => g7e5) (412 => 94) (64 => 17)
06.09.2024 15:26:55 accuracy 89,62% elo 2592 (±21) count 402 stonechess blunders 2 mistakes 29 inaccuracies 48 1r2r1k1/4ppbp/B5p1/3P4/pp1qPB2/2n2Q1P/P4PP1/4RRK1 b - - 0 1 (c3a2 => g7e5) (412 => 94) (64 => 17)
06.09.2024 15:08:17 accuracy 89,09% elo 2545 (±21) count 402 stonechess blunders 2 mistakes 30 inaccuracies 52 1r2r1k1/4ppbp/B5p1/3P4/pp1qPB2/2n2Q1P/P4PP1/4RRK1 b - - 0 1 (c3a2 => g7e5) (412 => 94) (64 => 17)
06.09.2024 14:50:14 accuracy 89,68% elo 2597 (±22) count 402 stonechess blunders 2 mistakes 29 inaccuracies 49 1r2r1k1/4ppbp/B5p1/3P4/pp1qPB2/2n2Q1P/P4PP1/4RRK1 b - - 0 1 (c3a2 => g7e5) (412 => 94) (64 => 17)
06.09.2024 13:12:28 accuracy 89,63% elo 2592 (±21) count 402 stonechess blunders 2 mistakes 28 inaccuracies 48 1r2r1k1/4ppbp/B5p1/3P4/pp1qPB2/2n2Q1P/P4PP1/4RRK1 b - - 0 1 (c3a2 => g7e5) (412 => 94) (64 => 17)
06.09.2024 13:00:45 accuracy 88,85% elo 2524 (±22) count 402 stonechess blunders 3 mistakes 32 inaccuracies 51 4rrk1/Rpp3pp/6q1/2PPn3/4p3/2N5/1P2QPPP/5RK1 w - - 0 1 (a7a4 => e2d1) (90 => -245) (16 => -42)
06.09.2024 12:47:58 accuracy 89,86% elo 2613 (±22) count 402 stonechess blunders 1 mistakes 29 inaccuracies 48 1r2r1k1/4ppbp/B5p1/3P4/pp1qPB2/2n2Q1P/P4PP1/4RRK1 b - - 0 1 (c3a2 => g7e5) (412 => 94) (64 => 17)
06.09.2024 12:36:14 accuracy 89,70% elo 2599 (±22) count 402 stonechess blunders 2 mistakes 29 inaccuracies 48 1r2r1k1/4ppbp/B5p1/3P4/pp1qPB2/2n2Q1P/P4PP1/4RRK1 b - - 0 1 (c3a2 => g7e5) (412 => 94) (64 => 17)
06.09.2024 12:23:54 accuracy 89,66% elo 2595 (±22) count 402 stonechess blunders 2 mistakes 29 inaccuracies 50 1r2r1k1/4ppbp/B5p1/3P4/pp1qPB2/2n2Q1P/P4PP1/4RRK1 b - - 0 1 (c3a2 => g7e5) (412 => 94) (64 => 17)
06.09.2024 11:58:37 accuracy 88,77% elo 2517 (±22) count 402 stonechess blunders 2 mistakes 32 inaccuracies 54 1r2r1k1/4ppbp/B5p1/3P4/pp1qPB2/2n2Q1P/P4PP1/4RRK1 b - - 0 1 (c3a2 => g7e5) (412 => 94) (64 => 17)
06.09.2024 01:44:38 accuracy 88,55% elo 2498 (±21) count 402 stonechess blunders 3 mistakes 37 inaccuracies 47 5rk1/1ppbq1pp/3p3r/pP1PppbB/2P5/P1BP4/5PPP/3QRRK1 b - - 0 1 (g5c1 => c7c6) (159 => -145) (28 => -26)
06.09.2024 01:18:15 accuracy 89,73% elo 2602 (±22) count 402 stonechess blunders 2 mistakes 29 inaccuracies 47 1r2r1k1/4ppbp/B5p1/3P4/pp1qPB2/2n2Q1P/P4PP1/4RRK1 b - - 0 1 (c3a2 => g7e5) (412 => 94) (64 => 17)
06.09.2024 01:06:16 accuracy 88,70% elo 2511 (±22) count 402 stonechess blunders 1 mistakes 33 inaccuracies 59 1r2r1k1/4ppbp/B5p1/3P4/pp1qPB2/2n2Q1P/P4PP1/4RRK1 b - - 0 1 (c3a2 => g7e5) (412 => 94) (64 => 17)
06.09.2024 00:53:30 accuracy 88,75% elo 2516 (±21) count 402 stonechess blunders 2 mistakes 33 inaccuracies 57 1r2r1k1/4ppbp/B5p1/3P4/pp1qPB2/2n2Q1P/P4PP1/4RRK1 b - - 0 1 (c3a2 => g7e5) (412 => 94) (64 => 17)
06.09.2024 00:42:08 accuracy 89,15% elo 2550 (±22) count 402 stonechess blunders 1 mistakes 31 inaccuracies 52 1r2r1k1/4ppbp/B5p1/3P4/pp1qPB2/2n2Q1P/P4PP1/4RRK1 b - - 0 1 (c3a2 => g7e5) (412 => 94) (64 => 17)
06.09.2024 00:24:19 accuracy 88,43% elo 2488 (±21) count 402 stonechess blunders 3 mistakes 35 inaccuracies 53 5rk1/1ppbq1pp/3p3r/pP1PppbB/2P5/P1BP4/5PPP/3QRRK1 b - - 0 1 (g5c1 => c7c5) (159 => -145) (28 => -26)
06.09.2024 00:13:50 accuracy 88,42% elo 2487 (±22) count 402 stonechess blunders 3 mistakes 34 inaccuracies 51 5rk1/1ppbq1pp/3p3r/pP1PppbB/2P5/P1BP4/5PPP/3QRRK1 b - - 0 1 (g5c1 => c7c5) (159 => -145) (28 => -26)
05.09.2024 23:51:46 accuracy 89,86% elo 2612 (±22) count 402 stonechess blunders 1 mistakes 29 inaccuracies 54 1r2r1k1/4ppbp/B5p1/3P4/pp1qPB2/2n2Q1P/P4PP1/4RRK1 b - - 0 1 (c3a2 => g7e5) (412 => 94) (64 => 17)
05.09.2024 23:36:53 accuracy 88,69% elo 2510 (±22) count 402 stonechess blunders 2 mistakes 39 inaccuracies 47 5rk1/1ppbq1pp/3p3r/pP1PppbB/2P5/P1BP4/5PPP/3QRRK1 b - - 0 1 (g5c1 => c7c5) (159 => -145) (28 => -26)
05.09.2024 23:24:01 accuracy 88,84% elo 2524 (±22) count 402 stonechess blunders 3 mistakes 35 inaccuracies 48 5rk1/1ppbq1pp/3p3r/pP1PppbB/2P5/P1BP4/5PPP/3QRRK1 b - - 0 1 (g5c1 => c7c5) (159 => -145) (28 => -26)
05.09.2024 23:07:44 accuracy 90,10% elo 2634 (±22) count 402 stonechess blunders 2 mistakes 26 inaccuracies 49 1r2r1k1/4ppbp/B5p1/3P4/pp1qPB2/2n2Q1P/P4PP1/4RRK1 b - - 0 1 (c3a2 => g7e5) (412 => 94) (64 => 17)
05.09.2024 22:49:22 accuracy 89,07% elo 2543 (±22) count 402 stonechess blunders 2 mistakes 35 inaccuracies 49 5rk1/1ppbq1pp/3p3r/pP1PppbB/2P5/P1BP4/5PPP/3QRRK1 b - - 0 1 (g5c1 => c7c5) (159 => -145) (28 => -26)
05.09.2024 22:38:52 accuracy 88,19% elo 2467 (±21) count 402 stonechess blunders 3 mistakes 37 inaccuracies 50 5rk1/1ppbq1pp/3p3r/pP1PppbB/2P5/P1BP4/5PPP/3QRRK1 b - - 0 1 (g5c1 => c7c6) (159 => -145) (28 => -26)
05.09.2024 22:21:18 accuracy 89,16% elo 2551 (±22) count 402 stonechess blunders 2 mistakes 32 inaccuracies 49 5rk1/1ppbq1pp/3p3r/pP1PppbB/2P5/P1BP4/5PPP/3QRRK1 b - - 0 1 (g5c1 => c7c5) (159 => -145) (28 => -26)
05.09.2024 22:01:09 accuracy 89,96% elo 2622 (±22) count 402 stonechess blunders 2 mistakes 26 inaccuracies 51 1r2r1k1/4ppbp/B5p1/3P4/pp1qPB2/2n2Q1P/P4PP1/4RRK1 b - - 0 1 (c3a2 => g7e5) (412 => 94) (64 => 17)
05.09.2024 21:45:07 accuracy 89,78% elo 2606 (±22) count 402 stonechess blunders 1 mistakes 30 inaccuracies 47 1nrrb1k1/1qn1bppp/pp2p3/3pP3/N2P3P/1P1B1NP1/PBR1QPK1/2R5 w - - 0 1 (d3h7 => g2f1) (397 => 93) (62 => 17)
05.09.2024 21:32:48 accuracy 89,50% elo 2581 (±22) count 402 stonechess blunders 2 mistakes 29 inaccuracies 51 1r2r1k1/4ppbp/B5p1/3P4/pp1qPB2/2n2Q1P/P4PP1/4RRK1 b - - 0 1 (c3a2 => g7e5) (412 => 94) (64 => 17)
05.09.2024 21:14:42 accuracy 88,75% elo 2516 (±21) count 402 StoneChess blunders 2 mistakes 37 inaccuracies 51 3r2k1/1p3ppp/2pq4/p1n5/P6P/1P6/1PB2QP1/1K2R3 w - - 0 1 (f2f5 => e1d1) (-39 => -348) (-7 => -57)
05.09.2024 21:04:41 accuracy 88,61% elo 2503 (±22) count 402 StoneChess blunders 2 mistakes 37 inaccuracies 51 5rk1/1ppbq1pp/3p3r/pP1PppbB/2P5/P1BP4/5PPP/3QRRK1 b - - 0 1 (g5c1 => c7c5) (159 => -145) (28 => -26)
05.09.2024 20:49:57 accuracy 88,79% elo 2519 (±22) count 402 StoneChess2 blunders 2 mistakes 33 inaccuracies 52 3r2k1/1p3ppp/2pq4/p1n5/P6P/1P6/1PB2QP1/1K2R3 w - - 0 1 (f2f5 => e1d1) (-39 => -348) (-7 => -57)
05.09.2024 20:40:42 accuracy 89,60% elo 2590 (±21) count 402 StoneChess1 blunders 2 mistakes 28 inaccuracies 53 1nrrb1k1/1qn1bppp/pp2p3/3pP3/N2P3P/1P1B1NP1/PBR1QPK1/2R5 w - - 0 1 (d3h7 => g2h2) (397 => 93) (62 => 17)
05.09.2024 20:31:09 accuracy 88,81% elo 2521 (±21) count 402 StoneChess2 blunders 3 mistakes 34 inaccuracies 51 5rk1/1ppbq1pp/3p3r/pP1PppbB/2P5/P1BP4/5PPP/3QRRK1 b - - 0 1 (g5c1 => c7c5) (159 => -145) (28 => -26)
05.09.2024 20:21:53 accuracy 89,59% elo 2589 (±21) count 402 StoneChess1 blunders 2 mistakes 29 inaccuracies 50 1r2r1k1/4ppbp/B5p1/3P4/pp1qPB2/2n2Q1P/P4PP1/4RRK1 b - - 0 1 (c3a2 => g7e5) (412 => 94) (64 => 17)
05.09.2024 19:09:31 accuracy 88,36% elo 2482 (±21) count 402 stonechess blunders 3 mistakes 34 inaccuracies 53 5rk1/1ppbq1pp/3p3r/pP1PppbB/2P5/P1BP4/5PPP/3QRRK1 b - - 0 1 (g5c1 => c7c6) (159 => -145) (28 => -26)
05.09.2024 18:55:50 accuracy 88,46% elo 2490 (±22) count 402 stonechess blunders 3 mistakes 33 inaccuracies 54 5rk1/1ppbq1pp/3p3r/pP1PppbB/2P5/P1BP4/5PPP/3QRRK1 b - - 0 1 (g5c1 => c7c5) (159 => -145) (28 => -26)
05.09.2024 18:15:33 accuracy 87,44% elo 2401 (±22) count 402 stonechess blunders 5 mistakes 34 inaccuracies 61 rnbqkb1r/pppp1ppp/8/4P2n/5pP1/5N2/PPPP3P/RNBQKB1R b KQkq g3 0 5 (f4g3 => h5f6) (173 => -129) (31 => -23)
05.09.2024 17:35:34 accuracy 87,58% elo 2413 (±22) count 402 stonechess blunders 3 mistakes 39 inaccuracies 51 rnbqkb1r/pppp1ppp/8/4P2n/5pP1/5N2/PPPP3P/RNBQKB1R b KQkq g3 0 5 (f4g3 => h5f6) (173 => -129) (31 => -23)
05.09.2024 17:12:12 accuracy 87,54% elo 2409 (±22) count 402 stonechess blunders 3 mistakes 41 inaccuracies 49 rnbqkb1r/pppp1ppp/8/4P2n/5pP1/5N2/PPPP3P/RNBQKB1R b KQkq g3 0 5 (f4g3 => h5f6) (173 => -129) (31 => -23)
05.09.2024 16:05:29 accuracy 87,67% elo 2422 (±21) count 402 stonechess blunders 4 mistakes 35 inaccuracies 54 rnbqkb1r/pppp1ppp/8/4P2n/5pP1/5N2/PPPP3P/RNBQKB1R b KQkq g3 0 5 (f4g3 => h5f6) (173 => -129) (31 => -23)
05.09.2024 15:48:20 accuracy 88,61% elo 2503 (±22) count 402 stonechess blunders 1 mistakes 36 inaccuracies 52 r3kb1r/3n1ppp/p3p3/1p1pP2P/P3PBP1/4P3/1q2B3/R2Q1K1R b kq - 0 1 (f8c5 => d7e5) (0 => -329) (0 => -54)
05.09.2024 15:35:09 accuracy 87,81% elo 2433 (±22) count 402 stonechess blunders 2 mistakes 43 inaccuracies 47 1r2r1k1/4ppbp/B5p1/3P4/pp1qPB2/2n2Q1P/P4PP1/4RRK1 b - - 0 1 (c3a2 => g7e5) (412 => 94) (64 => 17)
05.09.2024 14:50:06 accuracy 89,14% elo 2550 (±22) count 402 stonechess blunders 0 mistakes 35 inaccuracies 51 r1bqk2r/pppp1ppp/2n2n2/2b1p3/2B1PP2/2P5/PP1PQ1PP/RNB1K1NR b KQkq - 0 5 (e8g8 => d7d6) (386 => 92) (61 => 17)
05.09.2024 14:38:00 accuracy 88,81% elo 2520 (±22) count 402 stonechess blunders 2 mistakes 35 inaccuracies 53 rnb1kb1r/ppp3pp/8/3q1p2/4nPP1/8/PPPNQ2P/R1B1KBNR b KQkq - 0 8 (b8c6 => h7h5) (91 => -218) (17 => -38)
05.09.2024 14:26:46 accuracy 88,57% elo 2500 (±22) count 402 stonechess blunders 3 mistakes 32 inaccuracies 51 rnbqkb1r/pppp1ppp/8/4P2n/5pP1/5N2/PPPP3P/RNBQKB1R b KQkq g3 0 5 (f4g3 => b8c6) (173 => -129) (31 => -23)
05.09.2024 14:13:39 accuracy 88,40% elo 2485 (±22) count 402 stonechess blunders 2 mistakes 37 inaccuracies 51 rnb1kb1r/ppp3pp/8/3q1p2/4nPP1/8/PPPNQ2P/R1B1KBNR b KQkq - 0 8 (b8c6 => h7h5) (91 => -218) (17 => -38)
05.09.2024 13:42:56 accuracy 88,68% elo 2510 (±22) count 402 stonechess blunders 2 mistakes 35 inaccuracies 59 r3kb1r/3n1ppp/p3p3/1p1pP2P/P3PBP1/4P3/1q2B3/R2Q1K1R b kq - 0 1 (f8c5 => d7e5) (0 => -329) (0 => -54)
05.09.2024 13:02:43 accuracy 88,85% elo 2525 (±21) count 402 stonechess blunders 1 mistakes 35 inaccuracies 56 1nrrb1k1/1qn1bppp/pp2p3/3pP3/N2P3P/1P1B1NP1/PBR1QPK1/2R5 w - - 0 1 (d3h7 => g2f1) (397 => 93) (62 => 17)
05.09.2024 12:51:41 accuracy 88,16% elo 2464 (±22) count 402 stonechess blunders 1 mistakes 39 inaccuracies 53 1r2r1k1/4ppbp/B5p1/3P4/pp1qPB2/2n2Q1P/P4PP1/4RRK1 b - - 0 1 (c3a2 => g7e5) (412 => 94) (64 => 17)
05.09.2024 12:40:06 accuracy 88,37% elo 2483 (±21) count 402 stonechess blunders 1 mistakes 36 inaccuracies 59 1nrrb1k1/1qn1bppp/pp2p3/3pP3/N2P3P/1P1B1NP1/PBR1QPK1/2R5 w - - 0 1 (d3h7 => g2f1) (397 => 93) (62 => 17)
05.09.2024 12:21:18 accuracy 88,60% elo 2503 (±22) count 402 stonechess blunders 0 mistakes 38 inaccuracies 57 r2qkb1r/1b3ppp/p3pn2/1p6/1n1P4/1BN2N2/PP2QPPP/R1BR2K1 w kq - 0 1 (d4d5 => a2a4) (337 => 48) (55 => 9)
05.09.2024 02:49:07 accuracy 87,27% elo 2386 (±22) count 402 stonechess blunders 6 mistakes 34 inaccuracies 66 r3kb1r/pp1b2pp/2p2p1n/q2p4/3P2P1/3NP2P/PPPN1PB1/R2QK2R b KQkq - 2 11 (f8d6 => a5a2) (-167 => -485) (-30 => -71)
05.09.2024 02:09:27 accuracy 87,97% elo 2447 (±22) count 402 stonechess blunders 5 mistakes 32 inaccuracies 57 r3kb1r/pp1b2pp/2p2p1n/q2p4/3P2P1/3NP2P/PPPN1PB1/R2QK2R b KQkq - 2 11 (f8d6 => a5a2) (-167 => -485) (-30 => -71)
05.09.2024 01:28:44 accuracy 88,24% elo 2471 (±21) count 402 stonechess blunders 3 mistakes 37 inaccuracies 53 2r2rk1/ppnq2pp/2n1bp2/4p3/2N5/3P1NP1/1P1QPPBP/R1R3K1 w - - 16 20 (e2e3 => a1a7) (0 => -349) (0 => -57)
05.09.2024 01:14:15 accuracy 87,94% elo 2445 (±22) count 402 stonechess blunders 7 mistakes 35 inaccuracies 55 r3kb1r/pp1b2pp/2p2p1n/q2p4/3P2P1/3NP2P/PPPN1PB1/R2QK2R b KQkq - 2 11 (f8d6 => a5a2) (-167 => -485) (-30 => -71)
05.09.2024 00:15:43 accuracy 88,31% elo 2477 (±21) count 402 stonechess blunders 3 mistakes 37 inaccuracies 55 2r2rk1/ppnq2pp/2n1bp2/4p3/2N5/3P1NP1/1P1QPPBP/R1R3K1 w - - 16 20 (e2e3 => a1a7) (0 => -349) (0 => -57)
05.09.2024 00:00:20 accuracy 87,05% elo 2367 (±22) count 402 stonechess blunders 5 mistakes 41 inaccuracies 60 r3kb1r/pp1b2pp/2p2p1n/q2p4/3P2P1/3NP2P/PPPN1PB1/R2QK2R b KQkq - 2 11 (f8d6 => a5a2) (-167 => -485) (-30 => -71)
