23.02.2025 17:59:22 delted 1 (c2c4 a7a6 d2d4 e7e6 d4d5)
23.02.2025 16:52:08 delted 1 (e2e4 c7c5 g1f3 b8c6 d2d4 c5d4 f3d4 g8f6 b1c3 e7e5 d4c6 b7c6)
23.02.2025 16:37:08 delted 1 (e2e4 e7e6 d2d4 d7d5 b1c3)
23.02.2025 16:23:02 delted 1 (e2e4 e7e6 d2d4 d7d5 b1c3)
23.02.2025 16:06:02 delted 1 (e2e4 e7e6 d2d4 d7d5 b1c3)
23.02.2025 15:05:00 delted 1 (d2d4 d7d5 a2a3 g8f6 e2e3 b8d7 b1c3 e7e6)
23.02.2025 14:53:37 delted 1 (e2e4 e7e5 g1f3 g8f6 f3e5 d8e7 e5f3 e7e4 f1e2)
23.02.2025 13:50:28 delted 1 (e2e4 e7e6 c2c3 d7d5 e4e5 b8d7 g1f3)
23.02.2025 13:41:07 delted 1 (g1f3 c7c5 e2e4 e7e6 b1c3 b8c6 d2d4)
23.02.2025 04:27:55 delted 1 (c2c3 g8f6 d1c2 e7e5 d2d3 d7d5)
23.02.2025 03:58:27 delted 1 (d2d4 d7d6 e2e4)
23.02.2025 03:46:15 delted 1 (d2d4 g8f6 c2c4 c7c6 g1f3)
23.02.2025 00:07:48 delted 1 (e2e4 e7e5 g1f3 g8f6 f3e5 d8e7 e5f3 e7e4)
22.02.2025 22:25:06 delted 1 (c2c4 b8c6 d2d4 d7d6 g1f3)
22.02.2025 21:20:45 delted 1 (c2c3 g8f6 h2h4 e7e6 d2d4 f8e7)
22.02.2025 20:56:41 delted 1 (b2b3 b7b6 c1b2 g8f6 g1f3 e7e6)
22.02.2025 20:48:40 delted 1 (e2e3 d7d5 c2c3 e7e6 d2d4 b7b6)
22.02.2025 20:42:56 delted 1 (d2d4 g8f6 b2b4 d7d5 e2e3 e7e6)
22.02.2025 17:51:16 delted 1 (h2h3 g8f6 c2c4 e7e6 g1f3 c7c5)
22.02.2025 16:07:31 delted 1 (e2e4 d7d6 d2d4)
22.02.2025 14:24:52 delted 1 (e2e4 e7e5 g1f3 g8f6 f3e5)
21.02.2025 23:06:37 delted 1 (f2f4 a7a6 d2d3)
21.02.2025 23:06:36 delted 1 (f2f4 a7a6 d2d3)
21.02.2025 23:06:35 delted 1 (f2f4 a7a6 d2d3)
21.02.2025 22:16:37 delted 1 (e2e4 c7c5 g1f3 b8c6 d2d4 c5d4 f3d4 g8f6 b1c3)
21.02.2025 19:53:17 delted 1 (e2e4 c7c5 g1e2 g8f6 e4e5 f6d5)
21.02.2025 01:29:21 delted 1 (e2e4 e7e5 f1c4 g8f6 d2d3 c7c6 d1e2 b7b5)
20.02.2025 21:19:31 delted 1 (e2e4 c7c5 a2a4)
20.02.2025 15:41:22 delted 1 (c2c4 a7a6 b1c3 e7e5 d2d4 e5d4)
20.02.2025 15:23:16 delted 1 (h2h3 e7e5 c2c3)
20.02.2025 13:25:43 delted 1 (a2a4 c7c5 e2e4 d7d6 b1c3)
19.02.2025 19:46:52 delted 1 (e2e4 d7d6 d2d4)
19.02.2025 18:00:55 delted 1 (d2d4 g8f6 c2c4 e7e6 g1f3 d7d5 g2g3 f8e7 f1g2)
19.02.2025 17:58:46 delted 1 (d2d4 c7c5 d4d5)
19.02.2025 15:49:59 delted 1 (b1a3 e7e5 a3c4 e5e4)
19.02.2025 15:42:06 delted 1 (d2d4 d7d5 c2c4 c7c6 g1f3)
19.02.2025 14:16:35 delted 1 (g2g3 g8f6 f2f4 e7e6 f1g2 d7d5 b1c3 d5d4)
19.02.2025 12:38:35 delted 1 (d2d4 d7d5 c2c4 g8f6 c4d5 d8d5 b1c3 d5a5)
19.02.2025 02:28:34 delted 1 (d2d4 g8f6 f2f4 e7e6 e2e3 b7b6 c1d2 c7c5)
18.02.2025 21:59:44 delted 1 (a2a3 c7c5 e2e4 d7d6 f1b5 b8c6)
18.02.2025 19:23:53 delted 1 (d2d4 d7d5 g1f3)
18.02.2025 17:33:44 delted 1 (e2e4 e7e6 d2d4 d7d5 b1d2 c7c5 d4c5 f8c5)
18.02.2025 15:54:37 delted 1 (b1c3 d7d5 g1f3 e7e6 d2d3)
18.02.2025 15:47:23 delted 1 (d2d4 d7d5 g1f3)
18.02.2025 00:16:41 delted 1 (g1f3 c7c5 e2e4 d7d6 b1c3 g8f6 d2d4)
17.02.2025 23:20:32 delted 1 (d2d4 e7e6 c2c4 g8f6 g1f3 b7b6 e2e3 c8b7)
17.02.2025 23:05:22 delted 1 (e2e4 a7a6 d2d4 e7e6 g1f3)
17.02.2025 22:44:46 delted 1 (b2b3 b7b6 a2a3 e7e5 b1c3 g8f6)
15.02.2025 22:37:25 delted 1 (e2e4 c7c5 g1f3 a7a6 c2c3)
15.02.2025 03:12:01 delted 1 (c2c3 g8f6 c3c4 b8c6 g1f3 e7e5)
12.02.2025 17:40:57 delted 1 (e2e4 a7a6 g1f3 b7b5 f1d3)
12.02.2025 16:46:39 delted 1 (g1f3 g8f6 c2c4 e7e6 d2d4)
11.02.2025 20:29:53 delted 1 (d2d4 b8c6 d4d5 c6e5 b1c3)
11.02.2025 18:46:16 delted 1 (e2e4 c7c6 d2d4 d7d5 e4e5 c8f5 f1d3 f5d3)
11.02.2025 18:16:17 delted 1 (d2d4 g8f6 g1f3 e7e6 c2c4)
10.02.2025 00:33:44 delted 1 (e2e4 c7c5 b1c3 d7d6 g2g3)
09.02.2025 22:20:49 delted 1 (d2d4 g8f6 c2c4 e7e6 g1f3 d7d5 b1c3 c7c5 c1f4 c5d4)
09.02.2025 22:17:03 delted 1 (e2e4 e7e6 d2d3 d7d5 e4e5 g8e7 g1f3 b8a6)
08.02.2025 20:49:17 delted 1 (c2c3 c7c6 d2d4 d7d5 c1f4 g8f6)
08.02.2025 19:49:40 delted 1 (d2d4 d7d5 c2c4 c7c6 g1f3)
08.02.2025 18:49:16 delted 1 (d2d4 a7a6 e2e4 e7e6 g1f3)
08.02.2025 17:49:36 delted 1 (d2d4 d7d5 c2c4 d5c4 e2e3 c7c5 f1c4)
08.02.2025 17:07:04 delted 1 (d2d3 g7g6 c1g5 h7h6 g5d2 f8g7)
08.02.2025 16:49:49 delted 1 (d2d4 g8f6 c1g5 e7e6 e2e3 c7c5)
08.02.2025 02:08:19 delted 1 (g2g3 d7d5 g1f3 g8f6 f1g2 c7c6 d2d4 h7h6)
07.02.2025 22:42:19 delted 1 (g1f3 d7d5 d2d4)
07.02.2025 22:16:00 delted 1 (g1f3 e7e5 f3e5 g8f6 d2d4 f8e7 b1c3)
07.02.2025 21:36:26 delted 1 (d2d4 d7d5 c2c4 g8f6 g1f3 e7e6 b1c3 f8e7)
07.02.2025 20:56:51 delted 1 (d2d4 c7c5 d4d5)
07.02.2025 20:40:07 delted 1 (b1c3 a7a6 d2d4 d7d5 e2e4)
07.02.2025 19:51:39 delted 1 (e2e4 e7e6 d2d4 c7c5 d4d5)
07.02.2025 18:03:48 delted 1 (g2g4 b8c6 g1f3 g7g6 c2c4)
07.02.2025 17:25:07 delted 1 (e2e4 c7c5 g1f3 a7a6 b1c3)
07.02.2025 16:19:46 delted 1 (b1c3 d7d5 d2d4 g8f6 e2e4 f6e4 c3e4 d5e4)
07.02.2025 15:48:33 delted 1 (e2e4 c7c6 d2d4 d7d5 e4e5 c8f5 b1c3 e7e6 g1f3 f8b4)
07.02.2025 14:04:40 delted 1 (e2e4 c7c5 g1f3 e7e6 d2d4)
07.02.2025 12:50:25 delted 1 (h2h3 e7e6 g1f3 g8f6 e2e3 d7d5 b1c3 f8b4 f1e2 e8g8)
07.02.2025 04:58:29 delted 1 (c2c4 a7a6 b1c3)
07.02.2025 04:05:26 delted 1 (c2c4 g7g5 h2h4 g5g4 b1c3 h7h5)
06.02.2025 19:20:59 delted 1 (e2e3 g8f6 g1f3 e7e6 d2d4 c7c5 b1c3)
06.02.2025 18:38:51 delted 1 (a2a3 g7g6 e2e4 c7c5 g1f3 b8c6)
06.02.2025 17:54:49 delted 1 (d2d4 g7g6 e2e4 f8g7 f1c4 c7c6 d1f3 d7d5)
06.02.2025 13:59:39 delted 1 (g2g3 b8c6 d2d4 d7d5)
06.02.2025 12:44:12 delted 1 (f2f4 g8f6 e2e3 d7d5 g1f3 e7e6)
06.02.2025 02:13:30 delted 1 (e2e4 c7c6 d2d4 d7d5 e4e5 c8f5 b1c3)
06.02.2025 01:51:26 delted 1 (d2d4 c7c5 d4d5)
06.02.2025 00:08:28 delted 1 (a2a4 c7c5 g1f3 d7d5 c2c4 d5d4 d2d3 b8c6)
05.02.2025 16:45:57 delted 1 (b1a3 e7e5 g1f3 e5e4)
05.02.2025 16:26:19 delted 1 (g1f3 d7d5 b2b4 b8c6 b4b5)
05.02.2025 16:13:34 delted 1 (e2e4 c7c5 g1f3 b8c6 b1c3 e7e6 f3g1 d7d5)
05.02.2025 13:42:40 delted 1 (e2e4 b7b6 g1f3 f7f6 b1c3 e7e6)
05.02.2025 13:33:26 delted 1 (g1f3 d7d5 d2d4)
05.02.2025 01:27:10 delted 1 (e2e4 c7c6 d2d4 g7g6 b1c3 f8g7 g1f3)
05.02.2025 00:58:07 delted 1 (g2g3 e7e5 g1f3 e5e4 f3h4 g7g5 h4g2 g8f6)
04.02.2025 15:03:18 delted 1 (e2e4 e7e6 d2d4 d7d5 e4e5 g7g6 g1f3)
04.02.2025 01:25:14 delted 1 (e2e4 e7e6 d2d4 d7d5 b1c3)
03.02.2025 20:22:43 delted 1 (g1f3 g8f6 d2d4 d7d5 c2c4)
03.02.2025 19:12:40 delted 1 (d2d4 c7c5 d4c5 g8f6 c2c3)
03.02.2025 17:29:48 delted 1 (e2e3 e7e5 f1e2 g8f6)
03.02.2025 17:18:50 delted 1 (e2e4 e7e5 g1f3 b8c6 f1b5 a7a6 b5c6 d7c6)
